  DataAccess.cpp
  MainIOCP.cpp
E:\ShootingStarsRegion\PFServer\PFServer\MainIOCP.cpp(168,13): warning C4477: 'printf_s' : 서식 문자열 '%d'에 'int' 형식의 인수가 필요하지만 variadic 인수 1의 형식이 'SOCKET'입니다.
E:\ShootingStarsRegion\PFServer\PFServer\MainIOCP.cpp(168,13): message : 서식 문자열에서 '%lld'을(를) 사용하는 것이 좋습니다.
E:\ShootingStarsRegion\PFServer\PFServer\MainIOCP.cpp(168,13): message : 서식 문자열에서 '%Id'을(를) 사용하는 것이 좋습니다.
E:\ShootingStarsRegion\PFServer\PFServer\MainIOCP.cpp(168,13): message : 서식 문자열에서 '%I64d'을(를) 사용하는 것이 좋습니다.
E:\ShootingStarsRegion\PFServer\PFServer\MainIOCP.cpp(142,7): warning C4101: 'nResult' :참조되지 않은 지역 변수입니다.
E:\ShootingStarsRegion\PFServer\PFServer\MainIOCP.cpp(145,8): warning C4101: 'sendBytes' :참조되지 않은 지역 변수입니다.
E:\ShootingStarsRegion\PFServer\PFServer\MainIOCP.cpp(228,50): warning C4267: '=': 'size_t'에서 'ULONG'(으)로 변환하면서 데이터가 손실될 수 있습니다.
  PacketProcesses.cpp
E:\ShootingStarsRegion\PFServer\PFServer\PacketProcesses.cpp(30,12): warning C4477: 'printf_s' : 서식 문자열 '%d'에 'int' 형식의 인수가 필요하지만 variadic 인수 1의 형식이 'unsigned __int64'입니다.
E:\ShootingStarsRegion\PFServer\PFServer\PacketProcesses.cpp(30,12): message : 서식 문자열에서 '%zd'을(를) 사용하는 것이 좋습니다.
E:\ShootingStarsRegion\PFServer\PFServer\PacketProcesses.cpp(42,50): warning C4267: '=': 'size_t'에서 'ULONG'(으)로 변환하면서 데이터가 손실될 수 있습니다.
E:\ShootingStarsRegion\PFServer\PFServer\PacketProcesses.cpp(70,50): warning C4267: '=': 'size_t'에서 'ULONG'(으)로 변환하면서 데이터가 손실될 수 있습니다.
E:\ShootingStarsRegion\PFServer\PFServer\PacketProcesses.cpp(90,11): warning C4477: 'printf_s' : 서식 문자열 '%d'에 'int' 형식의 인수가 필요하지만 variadic 인수 1의 형식이 'unsigned __int64'입니다.
E:\ShootingStarsRegion\PFServer\PFServer\PacketProcesses.cpp(90,11): message : 서식 문자열에서 '%zd'을(를) 사용하는 것이 좋습니다.
E:\ShootingStarsRegion\PFServer\PFServer\PacketProcesses.cpp(115,50): warning C4267: '=': 'size_t'에서 'ULONG'(으)로 변환하면서 데이터가 손실될 수 있습니다.
E:\ShootingStarsRegion\PFServer\PFServer\PacketProcesses.cpp(138,50): warning C4267: '=': 'size_t'에서 'ULONG'(으)로 변환하면서 데이터가 손실될 수 있습니다.
E:\ShootingStarsRegion\PFServer\PFServer\PacketProcesses.cpp(162,11): warning C4477: 'printf_s' : 서식 문자열 '%d'에 'int' 형식의 인수가 필요하지만 variadic 인수 1의 형식이 'unsigned __int64'입니다.
E:\ShootingStarsRegion\PFServer\PFServer\PacketProcesses.cpp(162,11): message : 서식 문자열에서 '%zd'을(를) 사용하는 것이 좋습니다.
E:\ShootingStarsRegion\PFServer\PFServer\PacketProcesses.cpp(203,50): warning C4267: '=': 'size_t'에서 'ULONG'(으)로 변환하면서 데이터가 손실될 수 있습니다.
  main.cpp
  코드를 생성하고 있습니다...
  PFServer.vcxproj -> E:\ShootingStarsRegion\PFServer\PFServer\x64\Debug\PFServer.exe
